<?xml version="1.0" encoding="UTF-8"?>
<!-- Generated by org.testng.reporters.JUnitXMLReporter -->
<testsuite ignored="0" hostname="Bujuku" failures="0" tests="5" name="REST APIs" time="5.946" errors="0" timestamp="2024-01-22T18:00:12 IST">
  <testcase classname="com.simplilearn.restassuredtest.GetUserRequestTest" name="getRequestTest" time="2.755"/>
  <testcase classname="com.simplilearn.restassuredtest.GetUserRequestTest" name="getRequestWithQueryParmsTest" time="0.808"/>
  <testcase classname="com.simplilearn.restassuredtest.GetUserRequestTest" name="getRequestWithUserIdTest" time="0.621"/>
  <testcase classname="com.simplilearn.restassuredtest.RegisterRequestTest" name="testOnRegisterRequest" time="0.571"/>
  <testcase classname="com.simplilearn.restassuredtest.LoginRequestTest" name="testOnLoginRequest" time="1.146"/>
</testsuite> <!-- REST APIs -->
