<?xml version="1.0" encoding="UTF-8"?>
<testng-results ignored="0" total="5" passed="5" failed="0" skipped="0">
  <reporter-output>
  </reporter-output>
  <suite started-at="2024-01-22T18:00:06 IST" name="RestAssuredTest" finished-at="2024-01-22T18:00:12 IST" duration-ms="5946">
    <groups>
    </groups>
    <test started-at="2024-01-22T18:00:06 IST" name="REST APIs" finished-at="2024-01-22T18:00:12 IST" duration-ms="5946">
      <class name="com.simplilearn.restassuredtest.GetUserRequestTest">
        <test-method signature="getRequestTest()[pri:0, instance:com.simplilearn.restassuredtest.GetUserRequestTest@eadd4fb]" started-at="2024-01-22T18:00:06 IST" name="getRequestTest" description="Test for executing GET request using rest assured" finished-at="2024-01-22T18:00:08 IST" duration-ms="2755" status="PASS">
          <reporter-output>
          </reporter-output>
        </test-method> <!-- getRequestTest -->
        <test-method signature="getRequestWithQueryParmsTest()[pri:0, instance:com.simplilearn.restassuredtest.GetUserRequestTest@eadd4fb]" started-at="2024-01-22T18:00:08 IST" name="getRequestWithQueryParmsTest" description="Test for executing GET request using query parms" finished-at="2024-01-22T18:00:09 IST" duration-ms="808" status="PASS">
          <reporter-output>
          </reporter-output>
        </test-method> <!-- getRequestWithQueryParmsTest -->
        <test-method signature="getRequestWithUserIdTest()[pri:0, instance:com.simplilearn.restassuredtest.GetUserRequestTest@eadd4fb]" started-at="2024-01-22T18:00:09 IST" name="getRequestWithUserIdTest" description="Test for executing GET /users request with userId" finished-at="2024-01-22T18:00:10 IST" duration-ms="621" status="PASS">
          <reporter-output>
          </reporter-output>
        </test-method> <!-- getRequestWithUserIdTest -->
      </class> <!-- com.simplilearn.restassuredtest.GetUserRequestTest -->
      <class name="com.simplilearn.restassuredtest.RegisterRequestTest">
        <test-method signature="testOnRegisterRequest()[pri:0, instance:com.simplilearn.restassuredtest.RegisterRequestTest@26abb146]" started-at="2024-01-22T18:00:10 IST" name="testOnRegisterRequest" description="Test on register request with Rest assured" finished-at="2024-01-22T18:00:10 IST" duration-ms="571" status="PASS">
          <reporter-output>
          </reporter-output>
        </test-method> <!-- testOnRegisterRequest -->
      </class> <!-- com.simplilearn.restassuredtest.RegisterRequestTest -->
      <class name="com.simplilearn.restassuredtest.LoginRequestTest">
        <test-method signature="testOnLoginRequest()[pri:0, instance:com.simplilearn.restassuredtest.LoginRequestTest@72c8e7b]" started-at="2024-01-22T18:00:10 IST" name="testOnLoginRequest" description="Test on Login request with Rest assured" finished-at="2024-01-22T18:00:12 IST" duration-ms="1146" status="PASS">
          <reporter-output>
          </reporter-output>
        </test-method> <!-- testOnLoginRequest -->
      </class> <!-- com.simplilearn.restassuredtest.LoginRequestTest -->
    </test> <!-- REST APIs -->
  </suite> <!-- RestAssuredTest -->
</testng-results>
